

Started GET "/" for ::1 at 2017-03-12 21:59:25 -0400
Processing by Rails::WelcomeController#index as HTML
  Rendered /Users/Nany/.rvm/gems/ruby-2.3.0/gems/railties-4.2.2/lib/rails/templates/rails/welcome/index.html.erb (2.1ms)
Completed 200 OK in 59ms (Views: 40.8ms | ActiveRecord: 0.0ms)


Started GET "/" for ::1 at 2017-03-12 21:59:40 -0400
Processing by Rails::WelcomeController#index as HTML
  Rendered /Users/Nany/.rvm/gems/ruby-2.3.0/gems/railties-4.2.2/lib/rails/templates/rails/welcome/index.html.erb (0.0ms)
Completed 200 OK in 2ms (Views: 2.0ms | ActiveRecord: 0.0ms)


Started GET "/" for ::1 at 2017-03-12 22:00:26 -0400
Processing by WelcomeController#home as HTML
  Rendered welcome/home.html.erb within layouts/application (0.5ms)
Completed 200 OK in 379ms (Views: 378.0ms | ActiveRecord: 0.0ms)


Started GET "/assets/turbolinks.self-c5acd7a204f5f25ce7a1d8a0e4d92e28d34c9e2df2c7371cd7af88e147e4ad82.js?body=1" for ::1 at 2017-03-12 22:00:27 -0400


Started GET "/assets/application.self-e80e8f2318043e8af94dddc2adad5a4f09739a8ebb323b3ab31cd71d45fd9113.css?body=1" for ::1 at 2017-03-12 22:00:27 -0400


Started GET "/assets/application.self-3b8dabdc891efe46b9a144b400ad69e37d7e5876bdc39dee783419a69d7ca819.js?body=1" for ::1 at 2017-03-12 22:00:27 -0400


Started GET "/auth/facebook" for ::1 at 2017-03-12 22:00:30 -0400


Started GET "/auth/facebook" for ::1 at 2017-03-12 22:00:30 -0400


Started GET "/auth/facebook" for ::1 at 2017-03-12 22:01:46 -0400


Started GET "/auth/facebook" for ::1 at 2017-03-12 22:01:46 -0400
  [1m[36m (1.3ms)[0m  [1mCREATE TABLE "schema_migrations" ("version" varchar NOT NULL) [0m
  [1m[35m (0.1ms)[0m  select sqlite_version(*)
  [1m[36m (1.3ms)[0m  [1mCREATE UNIQUE INDEX "unique_schema_migrations" ON "schema_migrations" ("version")[0m
  [1m[35mActiveRecord::SchemaMigration Load (0.1ms)[0m  SELECT "schema_migrations".* FROM "schema_migrations"
  [1m[36mActiveRecord::SchemaMigration Load (0.1ms)[0m  [1mSELECT "schema_migrations".* FROM "schema_migrations"[0m
  [1m[36mActiveRecord::SchemaMigration Load (0.1ms)[0m  [1mSELECT "schema_migrations".* FROM "schema_migrations"[0m
Migrating to CreateUsersTable (1)
  [1m[35m (0.1ms)[0m  begin transaction
  [1m[36m (0.5ms)[0m  [1mCREATE TABLE "users" ("id" INTEGER PRIMARY KEY AUTOINCREMENT NOT NULL, "name" varchar, "email" varchar) [0m
  [1m[35mSQL (0.2ms)[0m  INSERT INTO "schema_migrations" ("version") VALUES (?)  [["version", "1"]]
  [1m[36m (1.2ms)[0m  [1mcommit transaction[0m
  [1m[35mActiveRecord::SchemaMigration Load (0.1ms)[0m  SELECT "schema_migrations".* FROM "schema_migrations"
